<?xml version="1.0" encoding="UTF-8"?>
<testsuite name="Chap03Test" tests="1" skipped="0" failures="0" errors="0" timestamp="2023-03-29T06:10:47" hostname="ubuntu" time="0.037">
  <properties/>
  <testcase name="Problem06()" classname="Chap03Test" time="0.037"/>
  <system-out><![CDATA[]]></system-out>
  <system-err><![CDATA[]]></system-err>
</testsuite>
