<?xml version="1.0" encoding="UTF-8"?>
<testsuite name="Chap03Test" tests="1" skipped="0" failures="0" errors="0" timestamp="2023-03-28T07:02:48" hostname="ubuntu" time="0.04">
  <properties/>
  <testcase name="Problem02()" classname="Chap03Test" time="0.04"/>
  <system-out><![CDATA[]]></system-out>
  <system-err><![CDATA[]]></system-err>
</testsuite>
