<?xml version="1.0" encoding="UTF-8"?>
<testsuite name="Chap07Test" tests="1" skipped="0" failures="0" errors="0" timestamp="2023-04-11T13:46:16" hostname="ubuntu" time="0.09">
  <properties/>
  <testcase name="Problem01()" classname="Chap07Test" time="0.09"/>
  <system-out><![CDATA[]]></system-out>
  <system-err><![CDATA[]]></system-err>
</testsuite>
