<?xml version="1.0" encoding="UTF-8"?>
<testsuite name="Chap02Test" tests="3" skipped="0" failures="0" errors="0" timestamp="2023-03-28T06:26:28" hostname="ubuntu" time="0.062">
  <properties/>
  <testcase name="Problem01()" classname="Chap02Test" time="0.057"/>
  <testcase name="Problem02()" classname="Chap02Test" time="0.002"/>
  <testcase name="Problem03()" classname="Chap02Test" time="0.001"/>
  <system-out><![CDATA[]]></system-out>
  <system-err><![CDATA[]]></system-err>
</testsuite>
