<?xml version="1.0" encoding="UTF-8"?>
<testsuite name="Chap03Test" tests="1" skipped="0" failures="0" errors="0" timestamp="2023-03-28T06:40:21" hostname="ubuntu" time="0.034">
  <properties/>
  <testcase name="Problem01()" classname="Chap03Test" time="0.034"/>
  <system-out><![CDATA[]]></system-out>
  <system-err><![CDATA[]]></system-err>
</testsuite>
